2024-07-22 08:01:43.516975 INFO::Writing function arguments to log file
2024-07-22 08:01:43.519992 DEBUG::Function arguments
2024-07-22 08:01:43.520149 DEBUG::Output folder: demo_output_rna
2024-07-22 08:01:43.52028 DEBUG::Min Abundance: 0.000000
2024-07-22 08:01:43.520398 DEBUG::Zero Threshold: 0.000000
2024-07-22 08:01:43.520513 DEBUG::Min Prevalence: 0.000000
2024-07-22 08:01:43.520624 DEBUG::Normalization: TSS
2024-07-22 08:01:43.520735 DEBUG::Transform: LOG
2024-07-22 08:01:43.520843 DEBUG::Max significance: 0.100000
2024-07-22 08:01:43.520951 DEBUG::Random effects: participant_id
2024-07-22 08:01:43.521061 DEBUG::Fixed effects: diagnosis,dysbiosis_state,antibiotics,age
2024-07-22 08:01:43.521189 DEBUG::Group effects:
2024-07-22 08:01:43.521301 DEBUG::Ordered effects:
2024-07-22 08:01:43.521413 DEBUG::Formula:
2024-07-22 08:01:43.52152 DEBUG::Correction method: BH
2024-07-22 08:01:43.521629 DEBUG::Standardize: TRUE
2024-07-22 08:01:43.52174 DEBUG::Augment: TRUE
2024-07-22 08:01:43.521849 DEBUG::Cores: 1
2024-07-22 08:01:43.521958 DEBUG::Abundance median comparison: TRUE
2024-07-22 08:01:43.522065 DEBUG::Prevalence median comparison: FALSE
2024-07-22 08:01:43.522173 DEBUG::Abundance median comparison threshold: 0
2024-07-22 08:01:43.522281 DEBUG::Prevalence median comparison threshold: 0.25
2024-07-22 08:01:43.522501 INFO::Verifying options selected are valid
2024-07-22 08:01:43.53597 INFO::Determining format of input files
2024-07-22 08:01:43.536431 INFO::Input format is data samples as rows and metadata samples as rows
2024-07-22 08:01:43.537508 DEBUG::A total of 763 samples were found in both the data and metadata
2024-07-22 08:01:43.537691 INFO::The following samples were found to have features but no metadata (or feature specific covariates if applicable). They will be removed. CSM5MCV1_P,ESM5GEYW_P,ESM5GEYY_P,MSM5LLIC_P,CSMAIG7X,CSM79HIT,CSM79HJM,CSM79HJO,CSM79HJS,CSM79HR6,CSM79HR8,CSM79HRC,CSM79HRG,CSM7KOO5,CSM7KOO9,CSM7KOOD,CSM7KOOF,CSM7KOOR,CSM7KOOV,CSM9X1ZC,CSM9X237,CSMA9J65,HSM67VEK,HSM6XRT8,HSM7J4LH,HSM7J4QJ,HSMA33IC,HSMA33IE,HSMA33LH_TR,HSMA33LH,HSMA33P6,HSMA33RT,HSMA33RX_TR,HSMA33RX,MSM6J2HB,MSM6J2IE,MSM79H5G,MSM79H5K,MSM79H9A,MSM79H9G,MSM79H9M,MSM79H9Q,MSM79H9W,MSM9VZGO,MSM9VZHF,MSM9VZLJ,MSMAPC64,PSM6XBSU_TR,PSM6XBTP_TR,PSM6XBUI,PSM7J14X,PSM7J4EF,CSM79HR2,CSM9X1Z4,MSM9VZHB
2024-07-22 08:01:43.538079 INFO::The following samples were found to have metadata but no features (or feature specific covariates if applicable). They will be removed. CSM5FZ3N_P,CSM5FZ3R_P,CSM5FZ3V_P,CSM5FZ3X_P,CSM5FZ3Z_P,CSM5FZ42_P,CSM5FZ44_P,CSM5FZ4A_P,CSM5FZ4E_P,CSM5MCUA_P,CSM5MCUS_P,CSM5MCVD_P,CSM5MCVF_P,CSM5MCVJ_P,CSM5MCVL,CSM5MCVZ_P,CSM5MCW4_P,CSM5MCWA_P,CSM5MCWG,CSM5MCWK_P,CSM5MCXB_P,CSM5MCXF_P,CSM5MCXV,CSM5MCXX_P,CSM5MCXZ_P,CSM5MCYI_P,CSM5MCYM_P,CSM5MCYO_P,CSM5MCYQ_P,CSM5MCYS,CSM5MCYU_P,CSM5MCYW,CSM5MCZ5,CSM5MCZ7,CSM5YRY7_P,CSM67U9B,CSM67U9H_P,CSM67U9J,CSM67U9N,CSM67U9P_P,CSM67U9R_P,CSM67U9T_P,CSM67U9V_P,CSM67U9X_P,CSM67UAG,CSM67UAI_P,CSM67UAQ,CSM67UAS,CSM67UB1,CSM67UB5_P,CSM67UB7_P,CSM67UB9_P,CSM67UBB,CSM67UBF,CSM67UBR,CSM67UBX,CSM67UCU_P,CSM67UE3,CSM67UEM,CSM67UEP_P,CSM67UET_P,CSM67UEW_P,CSM67UEW,CSM67UF1_P,CSM67UF1,CSM67UF5,CSM67UFV,CSM67UG8,CSM67UGC,CSM67UH7,CSM79HG5,CSM79HG7_P,CSM79HGD_P,CSM79HGF_P,CSM79HGH_P,CSM79HGJ_P,CSM79HGL_P,CSM79HGN_P,CSM79HGR_P,CSM79HGV_P,CSM79HH2_P,CSM79HHA,CSM79HIH,CSM79HJ2_P,CSM79HJ4_P,CSM79HJ6_P,CSM79HJ8_P,CSM79HJC_P,CSM79HJI_P,CSM79HJY,CSM79HK9,CSM79HKV,CSM79HKX,CSM79HKZ,CSM79HL4,CSM79HL6,CSM79HLI,CSM79HLK,CSM79HLM,CSM79HM1,CSM79HM5_P,CSM79HM7,CSM79HM9_P,CSM79HMN,CSM79HMP,CSM79HN2,CSM79HNE,CSM79HNG_P,CSM79HNI,CSM79HNK,CSM79HNM,CSM79HNW,CSM79HOF,CSM79HOH,CSM79HOJ,CSM79HOT,CSM79HOV,CSM79HOX,CSM79HP2,CSM79HP6,CSM79HPA_TR,CSM79HPM_P,CSM79HPO,CSM79HPQ_P,CSM79HPU,CSM79HQ9,CSM79HQB,CSM79HQR_P,CSM79HQT_P,CSM7CZ2F_P,CSM7KOJE,CSM7KOJQ,CSM7KOJS,CSM7KOK1,CSM7KOK3,CSM7KOK7,CSM7KOKF,CSM7KOKH_P,CSM7KOKL_P,CSM7KOKP_P,CSM7KOKT,CSM7KOL2,CSM7KOLK,CSM7KOLY,CSM7KOMH,CSM7KOMP,CSM7KOMR_P,CSM7KOMV_P,CSM7KOMX,CSM7KOMZ,CSM7KON8,CSM7KONA,CSM7KONS_P,CSM7KONU,CSM7KONW_P,CSM7KOOJ,CSM7KOOL,CSM7KOON,CSM7KOOP,CSM7KOP6,CSM7KOP8,CSM7KOPE,CSM7KOPG,CSM7KOQ1,CSM7KOQ5_P,CSM7KOQP_P,CSM7KOQX,CSM7KOQZ_P,CSM7KOR4_P,CSM7KOR8_P,CSM7KORI,CSM7KORS,CSM7KOS7,CSM7KOSH,CSM7KOSJ,CSM7KOST,CSM7KOTA,CSM7KOTO,CSM7KOU7_P,CSM7KOUB,CSM7KOUJ_P,CSM9X1Y5,CSM9X1ZO,CSM9X1ZQ,CSM9X1ZY,CSM9X211,CSM9X215,CSM9X21L,CSM9X21N,CSM9X21R,CSM9X222,CSM9X22G,CSM9X22I,CSM9X233,CSM9X23H,CSMA8M9R,CSMAAEUA,CSMAE44D,CSMAHYLR,ESM5GEYX_P,ESM5GEZ1_P,ESM5GEZ4_P,ESM5GEZ6_P,ESM5GEZA_P,ESM5MEA9_P,ESM5MEAB_P,ESM5MEB9_P,ESM5MEBE,ESM5MEBI,ESM5MEC3,ESM5MEC7_P,ESM5MEC9,ESM5MECQ,ESM5MEDD,ESM5MEDK,ESM5MEDP_P,ESM5MEDU,ESM718SY,ESM718T9,ESM718TM,ESM718UH,ESM718V4,ESM7F5AE_P,ESM7F5AM,ESM7F5C7,ESM7F5CD,ESM7F5CF,ESM9IEP1,HSM5FZBR_P,HSM5MD3L_P,HSM5MD3Y,HSM5MD43_P,HSM5MD44_P,HSM5MD47_P,HSM5MD49_P,HSM5MD4O,HSM5MD4P_P,HSM5MD4W_P,HSM5MD4Y,HSM5MD5B_P,HSM5MD5D_P,HSM5MD5F_P,HSM5MD5H_P,HSM5MD5X_P,HSM5MD5Z_P,HSM5MD6C,HSM5MD6E_P,HSM5MD6I_P,HSM5MD6K_P,HSM5MD6M,HSM5MD6O_P,HSM5MD6Q,HSM5MD6S_P,HSM5MD6U_P,HSM5MD75,HSM5MD79,HSM5MD7J,HSM5MD7M,HSM5MD7W_P,HSM5MD7Z_P,HSM5MD8B_P,HSM5MD8D_P,HSM5MD8F_P,HSM5MD8H_P,HSM5MD8J_P,HSM5MD8L_P,HSM5MEE5_P,HSM67VCX_P,HSM67VDP,HSM67VDR_P,HSM67VDT_P,HSM67VDT,HSM67VDX_P,HSM67VDZ,HSM67VE4,HSM67VEG,HSM67VEQ,HSM67VEW,HSM67VFF,HSM67VFH,HSM67VFX_P,HSM67VFX,HSM67VG2_P,HSM67VG6_P,HSM67VGA_P,HSM67VGI_P,HSM67VGK_TR,HSM67VHH,HSM67VHK,HSM67VHQ,HSM67VHS,HSM67VI1,HSM67VI5,HSM67VI7,HSM67VID,HSM67VIF,HSM67VIJ_P,HSM6XRQB_P,HSM6XRQC_P,HSM6XRQS,HSM6XRQY,HSM6XRR3,HSM6XRRD,HSM6XRS2,HSM6XRS6,HSM6XRS8,HSM6XRSE,HSM6XRSX_P,HSM6XRSZ_P,HSM6XRT2_P,HSM6XRT4_P,HSM6XRT6_P,HSM6XRTA_P,HSM6XRTC_P,HSM6XRTE_P,HSM6XRTG_P,HSM6XRTG,HSM6XRTO,HSM6XRTS,HSM6XRUV,HSM6XRUX,HSM6XRUZ,HSM6XRV2,HSM6XRVA,HSM6XRVU,HSM7CYWS_P,HSM7CYXA,HSM7CYXE,HSM7CYXG,HSM7CYXO,HSM7CYXQ,HSM7CYXS,HSM7CYY3,HSM7CYY5,HSM7CYYF,HSM7CYYP,HSM7CYYR_P,HSM7CYYV_P,HSM7CYZ5,HSM7CYZ9,HSM7CYZB,HSM7CYZD,HSM7CYZF,HSM7CYZL,HSM7CYZR,HSM7CZ16,HSM7CZ18,HSM7CZ1C,HSM7CZ1E,HSM7CZ1G,HSM7CZ1T_P,HSM7CZ24,HSM7CZ26,HSM7CZ28,HSM7CZ2A,HSM7CZ2E,HSM7CZ2J_P,HSM7CZ2L_P,HSM7CZ2X_P,HSM7CZ2Z,HSM7CZ3G,HSM7J4G8,HSM7J4GP,HSM7J4HA,HSM7J4HE,HSM7J4HG,HSM7J4HI,HSM7J4HK,HSM7J4HW,HSM7J4HY,HSM7J4I7,HSM7J4I9,HSM7J4IU,HSM7J4IW,HSM7J4J9,HSM7J4JF,HSM7J4JN,HSM7J4JP,HSM7J4JT_P,HSM7J4JV_P,HSM7J4KA,HSM7J4KI,HSM7J4KM,HSM7J4KO,HSM7J4LF,HSM7J4M4,HSM7J4M6,HSM7J4MW,HSM7J4NA,HSM7J4NC,HSM7J4NM,HSM7J4O1,HSM7J4O5,HSM7J4O7,HSM7J4OB,HSM7J4OL,HSM7J4ON,HSM7J4OV,HSM7J4OX,HSM7J4P2,HSM7J4PA,HSM7J4PC,HSM7J4PE,HSM7J4PG,HSM7J4PK,HSM7J4PU,HSM7J4Q1,HSM7J4Q3_P,HSM7J4Q7,HSM7J4Q9,HSM7J4QB,HSM7J4QD,HSM7J4QH,HSM7J4QL,HSM7J4QZ,HSM7J4RE,HSMA33IS,HSMA33J1_P,HSMA33J7,HSMA33J9,HSMA33JN,HSMA33JP,HSMA33JZ,HSMA33KM,HSMA33KO,HSMA33KQ,HSMA33KS,HSMA33LP,HSMA33LX,HSMA33LZ,HSMA33MC,HSMA33MI,HSMA33MV,HSMA33MX,HSMA33N4,HSMA33NC,HSMA33NG_P,HSMA33NW,HSMA33NY,HSMA33O1,HSMA33OL,HSMA33OP,HSMA33OX,HSMA33P2_P,HSMA33PN,HSMA33PX,HSMA33QM,HSMA33R1,HSMA33R7,HSMA33R9,HSMA33S4,HSMA33SE,MSM5LLD6_P,MSM5LLDE,MSM5LLDI,MSM5LLE3_P,MSM5LLE9_P,MSM5LLER,MSM5LLF2_P,MSM5LLF6,MSM5LLF8,MSM5LLGF_P,MSM5LLGJ_P,MSM5LLGL,MSM5LLGN_P,MSM5LLGR_P,MSM5LLI2_P,MSM5LLI4_P,MSM5LLI8_P,MSM5LLIM_P,MSM633FF_P,MSM6J2HD,MSM6J2HF,MSM6J2HH,MSM6J2HJ,MSM6J2HL,MSM6J2HN,MSM6J2IG,MSM6J2II,MSM6J2IK,MSM6J2IM,MSM6J2IY,MSM6J2J1,MSM6J2JB,MSM6J2JF_P,MSM6J2JH_P,MSM6J2JT,MSM6J2K4,MSM6J2K8,MSM6J2KA,MSM6J2LH,MSM6J2LN,MSM6J2LR,MSM6J2LT,MSM6J2LW,MSM6J2LY,MSM6J2M3_P,MSM6J2MD,MSM6J2MF,MSM6J2ML,MSM6J2OH,MSM6J2OJ,MSM6J2OL,MSM6J2ON,MSM6J2OP,MSM6J2PM,MSM6J2PO,MSM6J2PQ_P,MSM6J2PW,MSM6J2Q7,MSM6J2Q9,MSM6J2QB,MSM6J2QL,MSM6J2RA,MSM6J2RK,MSM6J2RM,MSM6J2RQ,MSM6J2RU,MSM6J2SI,MSM79H52_P,MSM79H58,MSM79H5A,MSM79H5S,MSM79H5U,MSM79H63,MSM79H65,MSM79H67,MSM79H69,MSM79H6B,MSM79H6D,MSM79H6H,MSM79H6J,MSM79H6L,MSM79H6N,MSM79H6Y,MSM79H7W,MSM79H85,MSM79H89,MSM79H8B,MSM79H8F,MSM79H8H,MSM79H8J_P,MSM79H8N,MSM79H94_P,MSM79H98,MSM79H9C,MSM79HA1,MSM79HA7,MSM79HAN,MSM79HAR,MSM79HAT,MSM79HBL,MSM79HBN,MSM79HBP,MSM79HBR,MSM79HBT,MSM79HBV,MSM79HBX_P,MSM79HBZ,MSM79HCG,MSM79HCN_P,MSM79HD6_P,MSM79HD8_P,MSM79HDK,MSM79HDO,MSM79HDS,MSM79HDU,MSM79HEA,MSM79HES,MSM79HEW,MSM79HF1_P,MSM79HF3,MSM79HFW,MSM7J16L,MSM7J16N,MSM7J16P,MSM7J16R,MSM9VZEM,MSM9VZEO,MSM9VZF7,MSM9VZFH,MSM9VZFJ_P,MSM9VZFN,MSM9VZFT,MSM9VZGW,MSM9VZH7,MSM9VZHL,MSM9VZHP,MSM9VZHR,MSM9VZHZ,MSM9VZIO,MSM9VZIS,MSM9VZIW,MSM9VZJF_P,MSM9VZJJ_P,MSM9VZL7,MSM9VZLD,MSM9VZLF,MSM9VZLH,MSM9VZLL,MSM9VZLR,MSM9VZLZ,MSM9VZM4_P,MSM9VZMC,MSM9VZME,MSM9VZMS,MSM9VZMW,MSM9VZN4_P,MSM9VZNR,MSM9VZNZ,MSM9VZO2,MSM9VZOI,MSM9VZOM,MSM9VZOO,MSM9VZOW,MSM9VZPN,MSM9VZPT,MSMA267X,MSMA2684,MSMA2688,MSMA26AL,MSMA26AN,MSMA26AP,MSMA26AR,MSMA26AT,MSMA26BD,MSMA26BF,MSMA26BH,MSMA26BJ,MSMA26BL,MSMA26BN,MSMA26BT,MSMA26BV,MSMA26CV,MSMA26CX,MSMA26DG,MSMA26DK,MSMA26EN,MSMA26ER,MSMA26EZ,MSMAPC55,MSMAPC57,MSMAPC5B,MSMAPC5H,MSMAPC66,MSMAPC6C,MSMAPC6E,MSMAPC6M,MSMAPC6O,MSMAPC7P,MSMB4LXS,MSMB4LZP,MSMB4LZV,MSMB4LZZ,PSM6XBQM_P,PSM6XBQS,PSM6XBR1,PSM6XBRK_P,PSM6XBRM_P,PSM6XBS2_P,PSM6XBS4_P,PSM6XBS8,PSM6XBSA,PSM6XBSC_P,PSM6XBSE_P,PSM6XBSG_P,PSM6XBSK,PSM6XBSS,PSM6XBT1,PSM6XBT5,PSM6XBT7,PSM6XBTB,PSM6XBTF_P,PSM6XBTH_P,PSM6XBTL,PSM6XBTN_P,PSM6XBTR,PSM6XBTT,PSM6XBTX,PSM6XBTZ_P,PSM6XBU2,PSM6XBUM,PSM6XBUO,PSM6XBVM,PSM6XBVO,PSM6XBVQ,PSM6XBVS,PSM6XBVY_P,PSM6XBW1_P,PSM6XBW3,PSM7J127,PSM7J12B,PSM7J12F,PSM7J12V,PSM7J12Z,PSM7J13I,PSM7J13K,PSM7J13Q,PSM7J13U_P,PSM7J13Y_P,PSM7J13Y,PSM7J143_P,PSM7J156,PSM7J158,PSM7J15G,PSM7J15I,PSM7J15K,PSM7J15M,PSM7J163,PSM7J169,PSM7J16B,PSM7J16F,PSM7J16H,PSM7J16W,PSM7J173,PSM7J179,PSM7J17D,PSM7J17T,PSM7J19H,PSM7J19R,PSM7J19T,PSM7J19X_P,PSM7J19Z,PSM7J1A4,PSM7J1A6,PSM7J1AO,PSM7J1AQ,PSM7J1AS,PSM7J1B3_P,PSM7J1B7,PSM7J1B9,PSM7J1BD,PSM7J1BJ,PSM7J1BN_P,PSM7J1BP,PSM7J1BV,PSM7J1BX,PSM7J1C2_P,PSM7J1C4,PSM7J1C8,PSM7J1CG,PSM7J1CK_P,PSM7J1CS_P,PSM7J1DF,PSM7J1DL,PSMA263M,PSMA263S,PSMA263U,PSMA264K,PSMA264O,PSMA264Q,PSMA264W,PSMA2651_P,PSMA2653,PSMA2659,PSMA265D,PSMA266O,PSMA2671,PSMA267D,PSMA267F,PSMA26A1,PSMB4MBI,PSMB4MC1,PSMB4MC3
2024-07-22 08:01:43.538634 DEBUG::Reordering data/metadata to use same sample ordering
2024-07-22 08:01:43.540043 INFO::Formula for random effects: expr ~ (1 | participant_id)
2024-07-22 08:01:43.540419 INFO::Formula for fixed effects: expr ~  diagnosis + dysbiosis_state + antibiotics + age
2024-07-22 08:01:43.541262 INFO::Factor detected for categorial metadata 'diagnosis'. Provide a reference argument or manually set factor ordering to change reference level.
2024-07-22 08:01:43.541503 INFO::Factor detected for categorial metadata 'dysbiosis_state'. Provide a reference argument or manually set factor ordering to change reference level.
2024-07-22 08:01:43.541722 INFO::Factor detected for categorial metadata 'antibiotics'. Provide a reference argument or manually set factor ordering to change reference level.
2024-07-22 08:01:43.541922 INFO::Filter data based on min abundance and min prevalence
2024-07-22 08:01:43.542126 INFO::Total samples in data: 763
2024-07-22 08:01:43.542324 INFO::Min samples required with min abundance for a feature not to be filtered: 0.000000
2024-07-22 08:01:43.566852 INFO::Total filtered features: 0
2024-07-22 08:01:43.567388 INFO::Filtered feature names from abundance and prevalence filtering:
2024-07-22 08:01:43.570737 INFO::Total filtered features with variance filtering: 0
2024-07-22 08:01:43.571046 INFO::Filtered feature names from variance filtering:
2024-07-22 08:01:43.571294 INFO::Creating output feature tables folder
2024-07-22 08:01:43.571584 INFO::Writing filtered data to file demo_output_rna/features/filtered_data.tsv
2024-07-22 08:01:43.633382 INFO::Applying z-score to standardize continuous metadata
2024-07-22 08:01:43.641692 INFO::Running selected normalization method: TSS
2024-07-22 08:01:43.658541 INFO::Writing filtered, normalized data to file demo_output_rna/features/filtered_data_norm.tsv
2024-07-22 08:01:43.724315 INFO::Running selected transform method: LOG
2024-07-22 08:01:43.731277 INFO::Writing filtered, normalized, transformed data to file demo_output_rna/features/filtered_data_norm_transformed.tsv
2024-07-22 08:01:43.80039 INFO::Running the linear model (LM) component
2024-07-22 08:01:44.53498 INFO::Fitting model to feature number 1, X1CMET2_PWY_N10_formyl_tetrahydrofolate_biosyn
2024-07-22 08:01:44.615147 INFO::Fitting model to feature number 2, ANAEROFRUCAT_PWY_homolactic_fermentation
2024-07-22 08:01:44.644671 INFO::Fitting model to feature number 3, ANAGLYCOLYSIS_PWY_glycolysis_III
2024-07-22 08:01:44.673285 INFO::Fitting model to feature number 4, ARGININE_SYN4_PWY_L_ornithine_de_novo_biosyn
2024-07-22 08:01:44.696771 INFO::Fitting model to feature number 5, ARGSYN_PWY_L_arginine_biosyn_I
2024-07-22 08:01:44.807457 INFO::Fitting model to feature number 6, ARGSYNBSUB_PWY_L_arginine_biosyn_II
2024-07-22 08:01:44.82856 INFO::Fitting model to feature number 7, ARO_PWY_chorismate_biosyn_I
2024-07-22 08:01:44.853058 INFO::Fitting model to feature number 8, ASPASN_PWY_SP_of_L_aspartate__L_asparagine_biosyn
2024-07-22 08:01:44.879625 INFO::Fitting model to feature number 9, BRANCHED_CHAIN_AA_SYN_PWY_SP_of_branched_amino_acid_biosyn
2024-07-22 08:01:44.906268 INFO::Fitting model to feature number 10, CALVIN_PWY_Calvin_Benson_Bassham_cyc
2024-07-22 08:01:44.931917 INFO::Fitting model to feature number 11, CITRULBIO_PWY_L_citrulline_biosyn
2024-07-22 08:01:44.95873 INFO::Fitting model to feature number 12, COA_PWY_1_coenzyme_A_biosyn_II
2024-07-22 08:01:44.992082 INFO::Fitting model to feature number 13, COA_PWY_coenzyme_A_biosyn_I
2024-07-22 08:01:45.015594 INFO::Fitting model to feature number 14, COBALSYN_PWY_adenosylcobalamin_salvage_from_cobinamide_I
2024-07-22 08:01:45.03796 INFO::Fitting model to feature number 15, COMPLETE_ARO_PWY_SP_of_aromatic_amino_acid_biosyn
2024-07-22 08:01:45.061639 INFO::Fitting model to feature number 16, DAPLYSINESYN_PWY_L_lysine_biosyn_I
2024-07-22 08:01:45.083967 INFO::Fitting model to feature number 17, DENOVOPURINE2_PWY_SP_of_purine_nt_de_novo_biosyn_II
2024-07-22 08:01:45.108175 INFO::Fitting model to feature number 18, DTDPRHAMSYN_PWY_dTDP_L_rhamnose_biosyn_I
2024-07-22 08:01:45.133539 INFO::Fitting model to feature number 19, FASYN_ELONG_PWY_fatty_acid_elongation__saturated
2024-07-22 08:01:45.164335 INFO::Fitting model to feature number 20, FASYN_INITIAL_PWY_SP_of_fatty_acid_biosyn_initiation
2024-07-22 08:01:45.186708 INFO::Fitting model to feature number 21, FUCCAT_PWY_fucose_deg
2024-07-22 08:01:45.206747 INFO::Fitting model to feature number 22, GALACT_GLUCUROCAT_PWY_SP_of_hexuronide__hexuronate_deg
2024-07-22 08:01:45.230553 INFO::Fitting model to feature number 23, GALACTUROCAT_PWY_D_galacturonate_deg_I
2024-07-22 08:01:45.255424 INFO::Fitting model to feature number 24, GLCMANNANAUT_PWY_SP_of_N_acetylglucosamine_N_acetylmannosamine__N_acetylneuraminate_deg
2024-07-22 08:01:45.279027 INFO::Fitting model to feature number 25, GLUCONEO_PWY_gluconeogenesis_I
2024-07-22 08:01:45.300342 INFO::Fitting model to feature number 26, GLUCOSE1PMETAB_PWY_glucose__glucose_1_phosphate_deg
2024-07-22 08:01:45.325087 INFO::Fitting model to feature number 27, GLUCUROCAT_PWY_SP_of_beta_D_glucuronide__D_glucuronate_deg
2024-07-22 08:01:45.348477 INFO::Fitting model to feature number 28, GLYCOGENSYNTH_PWY_glycogen_biosyn_I
2024-07-22 08:01:45.371518 INFO::Fitting model to feature number 29, GLYCOLYSIS_E_D_SP_of_glycolysis__Entner_Doudoroff
2024-07-22 08:01:45.392767 INFO::Fitting model to feature number 30, GLYCOLYSIS_glycolysis_I
2024-07-22 08:01:45.416627 INFO::Fitting model to feature number 31, GLYOXYLATE_BYPASS_glyoxylate_cyc
2024-07-22 08:01:45.437722 INFO::Fitting model to feature number 32, HISDEG_PWY_L_histidine_deg_I
2024-07-22 08:01:45.571951 INFO::Fitting model to feature number 33, HISTSYN_PWY_L_histidine_biosyn
2024-07-22 08:01:45.598904 INFO::Fitting model to feature number 34, ILEUSYN_PWY_L_isoleucine_biosyn_I
2024-07-22 08:01:45.621964 INFO::Fitting model to feature number 35, MET_SAM_PWY_SP_of_S_adenosyl_L_methionine_biosyn
2024-07-22 08:01:45.641732 INFO::Fitting model to feature number 36, METSYN_PWY_L_homoserine__L_methionine_biosyn
2024-07-22 08:01:45.661527 INFO::Fitting model to feature number 37, NAGLIPASYN_PWY_lipid_IVA_biosyn
2024-07-22 08:01:45.682715 INFO::Fitting model to feature number 38, NONMEVIPP_PWY_methylerythritol_phosphate_pwy_I
2024-07-22 08:01:45.706924 INFO::Fitting model to feature number 39, NONOXIPENT_PWY_pentose_phosphate_pwy
2024-07-22 08:01:45.735196 INFO::Fitting model to feature number 40, OANTIGEN_PWY_O_antigen_building_blocks_biosyn
2024-07-22 08:01:45.756437 INFO::Fitting model to feature number 41, P105_PWY_TCA_cyc_IV
2024-07-22 08:01:45.774407 INFO::Fitting model to feature number 42, P108_PWY_pyruvate_fermentation_to_propanoate_I
2024-07-22 08:01:45.794143 INFO::Fitting model to feature number 43, P161_PWY_acetylene_deg
2024-07-22 08:01:45.815578 INFO::Fitting model to feature number 44, P162_PWY_L_glutamate_deg_V
2024-07-22 08:01:45.836606 INFO::Fitting model to feature number 45, P164_PWY_purine_nucleobases_deg_I
2024-07-22 08:01:45.857752 INFO::Fitting model to feature number 46, P185_PWY_formaldehyde_assimilation_III
2024-07-22 08:01:45.882143 INFO::Fitting model to feature number 47, P42_PWY_incomplete_reductive_TCA_cyc
2024-07-22 08:01:45.903946 INFO::Fitting model to feature number 48, P441_PWY_SP_of_N_acetylneuraminate_deg
2024-07-22 08:01:45.924455 INFO::Fitting model to feature number 49, P461_PWY_hexitol_fermentation_to_lactate_formate_ethanol__acetate
2024-07-22 08:01:45.944328 INFO::Fitting model to feature number 50, PANTO_PWY_phosphopantothenate_biosyn_I
2024-07-22 08:01:45.967572 INFO::Fitting model to feature number 51, PANTOSYN_PWY_pantothenate__coenzyme_A_biosyn_I
2024-07-22 08:01:45.990647 INFO::Fitting model to feature number 52, PENTOSE_P_PWY_pentose_phosphate_pwy
2024-07-22 08:01:46.01252 INFO::Fitting model to feature number 53, PEPTIDOGLYCANSYN_PWY_peptidoglycan_biosyn_I
2024-07-22 08:01:46.041925 INFO::Fitting model to feature number 54, PHOSLIPSYN_PWY_SP_of_phospholipid_biosyn_I
2024-07-22 08:01:46.066569 INFO::Fitting model to feature number 55, PRPP_PWY_SP_of_histidine_purine__pyrimidine_biosyn
2024-07-22 08:01:46.086602 INFO::Fitting model to feature number 56, PWY_1042_glycolysis_IV
2024-07-22 08:01:46.109236 INFO::Fitting model to feature number 57, PWY_1269_CMP_3_deoxy_D_manno_octulosonate_biosyn_I
2024-07-22 08:01:46.131445 INFO::Fitting model to feature number 58, PWY_2941_L_lysine_biosyn_II
2024-07-22 08:01:46.151556 INFO::Fitting model to feature number 59, PWY_2942_L_lysine_biosyn_III
2024-07-22 08:01:46.174104 INFO::Fitting model to feature number 60, PWY_3001_SP_of_L_isoleucine_biosyn_I
2024-07-22 08:01:46.210402 INFO::Fitting model to feature number 61, PWY_3781_aerobic_respiration_I
2024-07-22 08:01:46.27586 INFO::Fitting model to feature number 62, PWY_3801_sucrose_deg_II
2024-07-22 08:01:46.315368 INFO::Fitting model to feature number 63, PWY_3841_folate_transformations_II
2024-07-22 08:01:46.359099 INFO::Fitting model to feature number 64, PWY_4041_beta_glutamyl_cyc
2024-07-22 08:01:46.4124 INFO::Fitting model to feature number 65, PWY_4242_pantothenate__coenzyme_A_biosyn_III
2024-07-22 08:01:46.472981 INFO::Fitting model to feature number 66, PWY_4981_L_proline_biosyn_II
2024-07-22 08:01:46.589104 INFO::Fitting model to feature number 67, PWY_4984_urea_cyc
2024-07-22 08:01:46.66033 INFO::Fitting model to feature number 68, PWY_5030_L_histidine_deg_III
2024-07-22 08:01:46.690595 INFO::Fitting model to feature number 69, PWY_5083_NAD_NADH_phosphorylation__dephosphorylation
2024-07-22 08:01:46.714843 INFO::Fitting model to feature number 70, PWY_5097_L_lysine_biosyn_VI
2024-07-22 08:01:46.747131 INFO::Fitting model to feature number 71, PWY_5100_pyruvate_fermentation_to_acetate__lactate_II
2024-07-22 08:01:46.772239 INFO::Fitting model to feature number 72, PWY_5101_L_isoleucine_biosyn_II
2024-07-22 08:01:46.798295 INFO::Fitting model to feature number 73, PWY_5103_L_isoleucine_biosyn_III
2024-07-22 08:01:46.839858 INFO::Fitting model to feature number 74, PWY_5104_L_isoleucine_biosyn_IV
2024-07-22 08:01:46.866803 INFO::Fitting model to feature number 75, PWY_5154_L_arginine_biosyn_III
2024-07-22 08:01:46.891599 INFO::Fitting model to feature number 76, PWY_5173_SP_of_acetyl_CoA_biosyn
2024-07-22 08:01:46.91265 INFO::Fitting model to feature number 77, PWY_5177_glutaryl_CoA_deg
2024-07-22 08:01:46.93701 INFO::Fitting model to feature number 78, PWY_5188_tetrapyrrole_biosyn_I
2024-07-22 08:01:46.961256 INFO::Fitting model to feature number 79, PWY_5347_SP_of_L_methionine_biosyn
2024-07-22 08:01:46.982367 INFO::Fitting model to feature number 80, PWY_5484_glycolysis_II
2024-07-22 08:01:47.010322 INFO::Fitting model to feature number 81, PWY_5659_GDP_mannose_biosyn
2024-07-22 08:01:47.034051 INFO::Fitting model to feature number 82, PWY_5667_CDP_diacylglycerol_biosyn_I
2024-07-22 08:01:47.058225 INFO::Fitting model to feature number 83, PWY_5676_acetyl_CoA_fermentation_to_butanoate_II
2024-07-22 08:01:47.080562 INFO::Fitting model to feature number 84, PWY_5686_UMP_biosyn
2024-07-22 08:01:47.105264 INFO::Fitting model to feature number 85, PWY_5690_TCA_cyc_II
2024-07-22 08:01:47.126512 INFO::Fitting model to feature number 86, PWY_5695_urate_biosyn_inosine_5_phosphate_deg
2024-07-22 08:01:47.151315 INFO::Fitting model to feature number 87, PWY_5723_Rubisco_shunt
2024-07-22 08:01:47.176882 INFO::Fitting model to feature number 88, PWY_5913_TCA_cyc_VI
2024-07-22 08:01:47.196881 INFO::Fitting model to feature number 89, PWY_5971_palmitate_biosyn_II
2024-07-22 08:01:47.216539 INFO::Fitting model to feature number 90, PWY_5973_cis_vaccenate_biosyn
2024-07-22 08:01:47.241448 INFO::Fitting model to feature number 91, PWY_5989_stearate_biosyn_II
2024-07-22 08:01:47.265714 INFO::Fitting model to feature number 92, PWY_6121_5_aminoimidazole_rnt_biosyn_I
2024-07-22 08:01:47.290353 INFO::Fitting model to feature number 93, PWY_6122_5_aminoimidazole_rnt_biosyn_II
2024-07-22 08:01:47.313825 INFO::Fitting model to feature number 94, PWY_6123_inosine_5_phosphate_biosyn_I
2024-07-22 08:01:47.341115 INFO::Fitting model to feature number 95, PWY_6124_inosine_5_phosphate_biosyn_II
2024-07-22 08:01:47.36382 INFO::Fitting model to feature number 96, PWY_6125_SP_of_guanosine_nt_de_novo_biosyn_II
2024-07-22 08:01:47.390885 INFO::Fitting model to feature number 97, PWY_6126_SP_of_adenosine_nt_de_novo_biosyn_II
2024-07-22 08:01:47.41625 INFO::Fitting model to feature number 98, PWY_6147_6_hydroxymethyl_dihydropterin_diphosphate_biosyn_I
2024-07-22 08:01:47.438952 INFO::Fitting model to feature number 99, PWY_6151_S_adenosyl_L_methionine_cyc_I
2024-07-22 08:01:47.484706 INFO::Fitting model to feature number 100, PWY_6163_chorismate_biosyn_from_3_dehydroquinate
2024-07-22 08:01:47.516922 INFO::Fitting model to feature number 101, PWY_6168_flavin_biosyn_III
2024-07-22 08:01:47.54254 INFO::Fitting model to feature number 102, PWY_621_sucrose_deg_III
2024-07-22 08:01:47.567712 INFO::Fitting model to feature number 103, PWY_6270_isoprene_biosyn_I
2024-07-22 08:01:47.588179 INFO::Fitting model to feature number 104, PWY_6277_SP_of_5_aminoimidazole_rnt_biosyn
2024-07-22 08:01:47.617079 INFO::Fitting model to feature number 105, PWY_6282_palmitoleate_biosyn_I
2024-07-22 08:01:47.643025 INFO::Fitting model to feature number 106, PWY_6317_galactose_deg_I
2024-07-22 08:01:47.668497 INFO::Fitting model to feature number 107, PWY_6353_purine_nt_deg_II
2024-07-22 08:01:47.697069 INFO::Fitting model to feature number 108, PWY_6385_peptidoglycan_biosyn_III
2024-07-22 08:01:47.72209 INFO::Fitting model to feature number 109, PWY_6386_UDP_N_acetylmuramoyl_pentapeptide_biosyn_II
2024-07-22 08:01:47.746681 INFO::Fitting model to feature number 110, PWY_6387_UDP_N_acetylmuramoyl_pentapeptide_biosyn_I
2024-07-22 08:01:47.771952 INFO::Fitting model to feature number 111, PWY_6507_4_deoxy_L_threo_hex_4_enopyranuronate_deg
2024-07-22 08:01:47.796488 INFO::Fitting model to feature number 112, PWY_6527_stachyose_deg
2024-07-22 08:01:47.821801 INFO::Fitting model to feature number 113, PWY_6545_pyrimidine_dnt_de_novo_biosyn_III
2024-07-22 08:01:47.854531 INFO::Fitting model to feature number 114, PWY_6588_pyruvate_fermentation_to_acetone
2024-07-22 08:01:47.87699 INFO::Fitting model to feature number 115, PWY_6608_guanosine_nt_deg_III
2024-07-22 08:01:47.900847 INFO::Fitting model to feature number 116, PWY_6609_adenine__adenosine_salvage_III
2024-07-22 08:01:47.926269 INFO::Fitting model to feature number 117, PWY_6700_queuosine_biosyn
2024-07-22 08:01:47.950549 INFO::Fitting model to feature number 118, PWY_6703_preQ0_biosyn
2024-07-22 08:01:47.975003 INFO::Fitting model to feature number 119, PWY_6737_starch_deg_V
2024-07-22 08:01:48.00453 INFO::Fitting model to feature number 120, PWY_6897_thiamin_salvage_II
2024-07-22 08:01:48.037837 INFO::Fitting model to feature number 121, PWY_6901_SP_of_glucose__xylose_deg
2024-07-22 08:01:48.062368 INFO::Fitting model to feature number 122, PWY_6936_seleno_amino_acid_biosyn
2024-07-22 08:01:48.089733 INFO::Fitting model to feature number 123, PWY_6969_TCA_cyc_V
2024-07-22 08:01:48.124709 INFO::Fitting model to feature number 124, PWY_7111_pyruvate_fermentation_to_isobutanol
2024-07-22 08:01:48.15369 INFO::Fitting model to feature number 125, PWY_7184_pyrimidine_dnt_de_novo_biosyn_I
2024-07-22 08:01:48.224819 INFO::Fitting model to feature number 126, PWY_7187_pyrimidine_dnt_de_novo_biosyn_II
2024-07-22 08:01:48.262366 INFO::Fitting model to feature number 127, PWY_7196_SP_of_pyrimidine_rns_salvage
2024-07-22 08:01:48.30541 INFO::Fitting model to feature number 128, PWY_7197_pyrimidine_dnt_phosphorylation
2024-07-22 08:01:48.33566 INFO::Fitting model to feature number 129, PWY_7199_pyrimidine_dns_salvage
2024-07-22 08:01:48.359606 INFO::Fitting model to feature number 130, PWY_7208_SP_of_pyrimidine_nucleobases_salvage
2024-07-22 08:01:48.392292 INFO::Fitting model to feature number 131, PWY_7211_SP_of_pyrimidine_dnt_de_novo_biosyn
2024-07-22 08:01:48.416734 INFO::Fitting model to feature number 132, PWY_7219_adenosine_rnt_de_novo_biosyn
2024-07-22 08:01:48.442211 INFO::Fitting model to feature number 133, PWY_7220_adenosine_dnt_de_novo_biosyn_II
2024-07-22 08:01:48.466961 INFO::Fitting model to feature number 134, PWY_7221_guanosine_rnt_de_novo_biosyn
2024-07-22 08:01:48.492211 INFO::Fitting model to feature number 135, PWY_7222_guanosine_dnt_de_novo_biosyn_II
2024-07-22 08:01:48.522835 INFO::Fitting model to feature number 136, PWY_7228_SP_of_guanosine_nt_de_novo_biosyn_I
2024-07-22 08:01:48.547465 INFO::Fitting model to feature number 137, PWY_7229_SP_of_adenosine_nt_de_novo_biosyn_I
2024-07-22 08:01:48.572739 INFO::Fitting model to feature number 138, PWY_7234_inosine_5_phosphate_biosyn_III
2024-07-22 08:01:48.596765 INFO::Fitting model to feature number 139, PWY_7237_myo__chiro__scillo_inositol_deg
2024-07-22 08:01:48.619139 INFO::Fitting model to feature number 140, PWY_7242_D_fructuronate_deg
2024-07-22 08:01:48.835462 INFO::Fitting model to feature number 141, PWY_724_SP_of_L_lysine_L_threonine__L_methionine_biosyn_II
2024-07-22 08:01:48.858556 INFO::Fitting model to feature number 142, PWY_7279_aerobic_respiration_II
2024-07-22 08:01:48.879034 INFO::Fitting model to feature number 143, PWY_7282_4_amino_2_methyl_5_phosphomethylpyrimidine_biosyn
2024-07-22 08:01:48.900569 INFO::Fitting model to feature number 144, PWY_7323_SP_of_GDP_mannose_derived_O_antigen_building_blocks_biosyn
2024-07-22 08:01:48.922529 INFO::Fitting model to feature number 145, PWY_7345_SP_of_anaerobic_sucrose_deg
2024-07-22 08:01:48.943359 INFO::Fitting model to feature number 146, PWY_7357_thiamin_formation_from_pyrithiamine__oxythiamine
2024-07-22 08:01:48.971289 INFO::Fitting model to feature number 147, PWY_7383_anaerobic_energy_metabolism
2024-07-22 08:01:48.994367 INFO::Fitting model to feature number 148, PWY_7388_octanoyl_acyl_carrier_protein_biosyn
2024-07-22 08:01:49.015058 INFO::Fitting model to feature number 149, PWY_7400_L_arginine_biosyn_IV
2024-07-22 08:01:49.035243 INFO::Fitting model to feature number 150, PWY_7456_mannan_deg
2024-07-22 08:01:49.053624 INFO::Fitting model to feature number 151, PWY_7539_6_hydroxymethyl_dihydropterin_diphosphate_biosyn_III
2024-07-22 08:01:49.074888 INFO::Fitting model to feature number 152, PWY_7560_methylerythritol_phosphate_pwy_II
2024-07-22 08:01:49.094011 INFO::Fitting model to feature number 153, PWY_7663_gondoate_biosyn
2024-07-22 08:01:49.121493 INFO::Fitting model to feature number 154, PWY_7664_oleate_biosyn_IV
2024-07-22 08:01:49.142198 INFO::Fitting model to feature number 155, PWY_841_SP_of_purine_nt_de_novo_biosyn_I
2024-07-22 08:01:49.163085 INFO::Fitting model to feature number 156, PWY0_1261_anhydromuropeptides_recycling
2024-07-22 08:01:49.181798 INFO::Fitting model to feature number 157, PWY0_1296_purine_rns_deg
2024-07-22 08:01:49.2043 INFO::Fitting model to feature number 158, PWY0_1297_SP_of_purine_dns_deg
2024-07-22 08:01:49.225669 INFO::Fitting model to feature number 159, PWY0_1298_SP_of_pyrimidine_dns_deg
2024-07-22 08:01:49.246276 INFO::Fitting model to feature number 160, PWY0_1319_CDP_diacylglycerol_biosyn_II
2024-07-22 08:01:49.273164 INFO::Fitting model to feature number 161, PWY0_1479_tRNA_processing
2024-07-22 08:01:49.293109 INFO::Fitting model to feature number 162, PWY0_1586_peptidoglycan_maturation
2024-07-22 08:01:49.31499 INFO::Fitting model to feature number 163, PWY0_162_SP_of_pyrimidine_rnt_de_novo_biosyn
2024-07-22 08:01:49.337138 INFO::Fitting model to feature number 164, PWY0_166_SP_of_pyrimidine_dnt_de_novo_biosyn
2024-07-22 08:01:49.359697 INFO::Fitting model to feature number 165, PWY0_845_SP_of_pyridoxal_5_phosphate_biosyn__salvage
2024-07-22 08:01:49.382537 INFO::Fitting model to feature number 166, PWY0_862_dodec_5_enoate_biosyn
2024-07-22 08:01:49.4077 INFO::Fitting model to feature number 167, PWY4FS_7_phosphatidylglycerol_biosyn_I
2024-07-22 08:01:49.428888 INFO::Fitting model to feature number 168, PWY4FS_8_phosphatidylglycerol_biosyn_II
2024-07-22 08:01:49.449569 INFO::Fitting model to feature number 169, PWY66_399_gluconeogenesis_III
2024-07-22 08:01:49.471092 INFO::Fitting model to feature number 170, PWY66_400_glycolysis_VI
2024-07-22 08:01:49.494029 INFO::Fitting model to feature number 171, PWY66_409_SP_of_purine_nt_salvage
2024-07-22 08:01:49.51722 INFO::Fitting model to feature number 172, PWY66_422_D_galactose_deg_V
2024-07-22 08:01:49.54121 INFO::Fitting model to feature number 173, PWYG_321_mycolate_biosyn
2024-07-22 08:01:49.567142 INFO::Fitting model to feature number 174, PYRIDNUCSYN_PWY_NAD_biosyn_I
2024-07-22 08:01:49.589153 INFO::Fitting model to feature number 175, PYRIDOXSYN_PWY_pyridoxal_5_phosphate_biosyn_I
2024-07-22 08:01:49.611521 INFO::Fitting model to feature number 176, RHAMCAT_PWY_L_rhamnose_deg_I
2024-07-22 08:01:49.633272 INFO::Fitting model to feature number 177, RIBOSYN2_PWY_flavin_biosyn_I
2024-07-22 08:01:49.654108 INFO::Fitting model to feature number 178, SALVADEHYPOX_PWY_adenosine_nt_deg_II
2024-07-22 08:01:49.67613 INFO::Fitting model to feature number 179, SER_GLYSYN_PWY_SP_of_L_serine__glycine_biosyn_I
2024-07-22 08:01:49.708496 INFO::Fitting model to feature number 180, TCA_GLYOX_BYPASS_SP_of_glyoxylate_bypass__TCA
2024-07-22 08:01:49.727249 INFO::Fitting model to feature number 181, TCA_TCA_cyc_I
2024-07-22 08:01:49.747168 INFO::Fitting model to feature number 182, THISYNARA_PWY_SP_of_thiamin_diphosphate_biosyn_III
2024-07-22 08:01:49.768608 INFO::Fitting model to feature number 183, THRESYN_PWY_SP_of_L_threonine_biosyn
2024-07-22 08:01:49.791236 INFO::Fitting model to feature number 184, TRNA_CHARGING_PWY_tRNA_charging
2024-07-22 08:01:49.815392 INFO::Fitting model to feature number 185, UDPNAGSYN_PWY_UDP_N_acetyl_D_glucosamine_biosyn_I
2024-07-22 08:01:49.84071 INFO::Fitting model to feature number 186, VALSYN_PWY_L_valine_biosyn
2024-07-22 08:01:49.879175 INFO::Performing tests against medians
2024-07-22 08:01:50.497646 INFO::Counting total values for each feature
2024-07-22 08:01:50.527376 INFO::Running the logistic model component
2024-07-22 08:01:50.528551 INFO::Fitting model to feature number 1, X1CMET2_PWY_N10_formyl_tetrahydrofolate_biosyn
2024-07-22 08:01:51.668199 INFO::Fitting model to feature number 2, ANAEROFRUCAT_PWY_homolactic_fermentation
2024-07-22 08:01:52.601225 INFO::Fitting model to feature number 3, ANAGLYCOLYSIS_PWY_glycolysis_III
2024-07-22 08:01:53.530091 INFO::Fitting model to feature number 4, ARGININE_SYN4_PWY_L_ornithine_de_novo_biosyn
2024-07-22 08:01:54.780391 INFO::Fitting model to feature number 5, ARGSYN_PWY_L_arginine_biosyn_I
2024-07-22 08:01:54.977677 INFO::Fitting model to feature number 6, ARGSYNBSUB_PWY_L_arginine_biosyn_II
2024-07-22 08:01:55.227247 INFO::Fitting model to feature number 7, ARO_PWY_chorismate_biosyn_I
2024-07-22 08:01:56.311566 INFO::Fitting model to feature number 8, ASPASN_PWY_SP_of_L_aspartate__L_asparagine_biosyn
2024-07-22 08:01:57.750479 INFO::Fitting model to feature number 9, BRANCHED_CHAIN_AA_SYN_PWY_SP_of_branched_amino_acid_biosyn
2024-07-22 08:01:58.535474 INFO::Fitting model to feature number 10, CALVIN_PWY_Calvin_Benson_Bassham_cyc
2024-07-22 08:02:07.994359 INFO::Fitting model to feature number 11, CITRULBIO_PWY_L_citrulline_biosyn
2024-07-22 08:02:08.508335 INFO::Fitting model to feature number 12, COA_PWY_1_coenzyme_A_biosyn_II
2024-07-22 08:02:09.800088 INFO::Fitting model to feature number 13, COA_PWY_coenzyme_A_biosyn_I
2024-07-22 08:02:10.528621 INFO::Fitting model to feature number 14, COBALSYN_PWY_adenosylcobalamin_salvage_from_cobinamide_I
2024-07-22 08:02:11.004925 INFO::Fitting model to feature number 15, COMPLETE_ARO_PWY_SP_of_aromatic_amino_acid_biosyn
2024-07-22 08:02:12.095347 INFO::Fitting model to feature number 16, DAPLYSINESYN_PWY_L_lysine_biosyn_I
2024-07-22 08:02:12.396536 INFO::Fitting model to feature number 17, DENOVOPURINE2_PWY_SP_of_purine_nt_de_novo_biosyn_II
2024-07-22 08:02:12.684516 INFO::Fitting model to feature number 18, DTDPRHAMSYN_PWY_dTDP_L_rhamnose_biosyn_I
2024-07-22 08:02:14.423733 INFO::Fitting model to feature number 19, FASYN_ELONG_PWY_fatty_acid_elongation__saturated
2024-07-22 08:02:15.002094 INFO::Fitting model to feature number 20, FASYN_INITIAL_PWY_SP_of_fatty_acid_biosyn_initiation
2024-07-22 08:02:15.309899 INFO::Fitting model to feature number 21, FUCCAT_PWY_fucose_deg
2024-07-22 08:02:15.501874 INFO::Fitting model to feature number 22, GALACT_GLUCUROCAT_PWY_SP_of_hexuronide__hexuronate_deg
2024-07-22 08:02:15.951656 INFO::Fitting model to feature number 23, GALACTUROCAT_PWY_D_galacturonate_deg_I
2024-07-22 08:02:16.628063 INFO::Fitting model to feature number 24, GLCMANNANAUT_PWY_SP_of_N_acetylglucosamine_N_acetylmannosamine__N_acetylneuraminate_deg
2024-07-22 08:02:17.337722 INFO::Fitting model to feature number 25, GLUCONEO_PWY_gluconeogenesis_I
2024-07-22 08:02:17.810958 INFO::Fitting model to feature number 26, GLUCOSE1PMETAB_PWY_glucose__glucose_1_phosphate_deg
2024-07-22 08:02:18.283747 INFO::Fitting model to feature number 27, GLUCUROCAT_PWY_SP_of_beta_D_glucuronide__D_glucuronate_deg
2024-07-22 08:02:19.180266 INFO::Fitting model to feature number 28, GLYCOGENSYNTH_PWY_glycogen_biosyn_I
2024-07-22 08:02:19.625934 INFO::Fitting model to feature number 29, GLYCOLYSIS_E_D_SP_of_glycolysis__Entner_Doudoroff
2024-07-22 08:02:19.879478 INFO::Fitting model to feature number 30, GLYCOLYSIS_glycolysis_I
2024-07-22 08:02:21.045746 INFO::Fitting model to feature number 31, GLYOXYLATE_BYPASS_glyoxylate_cyc
2024-07-22 08:02:21.338118 INFO::Fitting model to feature number 32, HISDEG_PWY_L_histidine_deg_I
2024-07-22 08:02:21.87329 INFO::Fitting model to feature number 33, HISTSYN_PWY_L_histidine_biosyn
2024-07-22 08:02:22.662597 INFO::Fitting model to feature number 34, ILEUSYN_PWY_L_isoleucine_biosyn_I
2024-07-22 08:02:23.581938 INFO::Fitting model to feature number 35, MET_SAM_PWY_SP_of_S_adenosyl_L_methionine_biosyn
2024-07-22 08:02:23.782915 INFO::Fitting model to feature number 36, METSYN_PWY_L_homoserine__L_methionine_biosyn
2024-07-22 08:02:23.993923 INFO::Fitting model to feature number 37, NAGLIPASYN_PWY_lipid_IVA_biosyn
2024-07-22 08:02:24.913856 INFO::Fitting model to feature number 38, NONMEVIPP_PWY_methylerythritol_phosphate_pwy_I
2024-07-22 08:02:26.242525 INFO::Fitting model to feature number 39, NONOXIPENT_PWY_pentose_phosphate_pwy
2024-07-22 08:02:27.248563 INFO::Fitting model to feature number 40, OANTIGEN_PWY_O_antigen_building_blocks_biosyn
2024-07-22 08:02:27.522464 INFO::Fitting model to feature number 41, P105_PWY_TCA_cyc_IV
2024-07-22 08:02:28.111006 INFO::Fitting model to feature number 42, P108_PWY_pyruvate_fermentation_to_propanoate_I
2024-07-22 08:02:28.340533 INFO::Fitting model to feature number 43, P161_PWY_acetylene_deg
2024-07-22 08:02:28.659458 INFO::Fitting model to feature number 44, P162_PWY_L_glutamate_deg_V
2024-07-22 08:02:29.140437 INFO::Fitting model to feature number 45, P164_PWY_purine_nucleobases_deg_I
2024-07-22 08:02:29.648353 INFO::Fitting model to feature number 46, P185_PWY_formaldehyde_assimilation_III
2024-07-22 08:02:29.838791 INFO::Fitting model to feature number 47, P42_PWY_incomplete_reductive_TCA_cyc
2024-07-22 08:02:30.143289 INFO::Fitting model to feature number 48, P441_PWY_SP_of_N_acetylneuraminate_deg
2024-07-22 08:02:30.39424 INFO::Fitting model to feature number 49, P461_PWY_hexitol_fermentation_to_lactate_formate_ethanol__acetate
2024-07-22 08:02:30.618443 INFO::Fitting model to feature number 50, PANTO_PWY_phosphopantothenate_biosyn_I
2024-07-22 08:02:43.179492 INFO::Fitting model to feature number 51, PANTOSYN_PWY_pantothenate__coenzyme_A_biosyn_I
2024-07-22 08:02:43.937931 INFO::Fitting model to feature number 52, PENTOSE_P_PWY_pentose_phosphate_pwy
2024-07-22 08:02:44.258411 INFO::Fitting model to feature number 53, PEPTIDOGLYCANSYN_PWY_peptidoglycan_biosyn_I
2024-07-22 08:02:44.742192 INFO::Fitting model to feature number 54, PHOSLIPSYN_PWY_SP_of_phospholipid_biosyn_I
2024-07-22 08:02:45.55571 INFO::Fitting model to feature number 55, PRPP_PWY_SP_of_histidine_purine__pyrimidine_biosyn
2024-07-22 08:02:46.117243 INFO::Fitting model to feature number 56, PWY_1042_glycolysis_IV
2024-07-22 08:02:46.118673 INFO::Fitting model to feature number 57, PWY_1269_CMP_3_deoxy_D_manno_octulosonate_biosyn_I
2024-07-22 08:02:46.612316 INFO::Fitting model to feature number 58, PWY_2941_L_lysine_biosyn_II
2024-07-22 08:02:47.309518 INFO::Fitting model to feature number 59, PWY_2942_L_lysine_biosyn_III
2024-07-22 08:02:49.183835 INFO::Fitting model to feature number 60, PWY_3001_SP_of_L_isoleucine_biosyn_I
2024-07-22 08:02:50.715728 INFO::Fitting model to feature number 61, PWY_3781_aerobic_respiration_I
2024-07-22 08:02:51.684076 INFO::Fitting model to feature number 62, PWY_3801_sucrose_deg_II
2024-07-22 08:02:52.612777 INFO::Fitting model to feature number 63, PWY_3841_folate_transformations_II
2024-07-22 08:02:54.487969 INFO::Fitting model to feature number 64, PWY_4041_beta_glutamyl_cyc
2024-07-22 08:02:55.181452 INFO::Fitting model to feature number 65, PWY_4242_pantothenate__coenzyme_A_biosyn_III
2024-07-22 08:02:55.511456 INFO::Fitting model to feature number 66, PWY_4981_L_proline_biosyn_II
2024-07-22 08:02:56.523387 INFO::Fitting model to feature number 67, PWY_4984_urea_cyc
2024-07-22 08:02:57.5149 INFO::Fitting model to feature number 68, PWY_5030_L_histidine_deg_III
2024-07-22 08:02:57.857342 INFO::Fitting model to feature number 69, PWY_5083_NAD_NADH_phosphorylation__dephosphorylation
2024-07-22 08:02:58.052763 INFO::Fitting model to feature number 70, PWY_5097_L_lysine_biosyn_VI
2024-07-22 08:02:58.876202 INFO::Fitting model to feature number 71, PWY_5100_pyruvate_fermentation_to_acetate__lactate_II
2024-07-22 08:02:59.552511 INFO::Fitting model to feature number 72, PWY_5101_L_isoleucine_biosyn_II
2024-07-22 08:03:00.156605 INFO::Fitting model to feature number 73, PWY_5103_L_isoleucine_biosyn_III
2024-07-22 08:03:01.16071 INFO::Fitting model to feature number 74, PWY_5104_L_isoleucine_biosyn_IV
2024-07-22 08:03:01.469543 INFO::Fitting model to feature number 75, PWY_5154_L_arginine_biosyn_III
2024-07-22 08:03:01.791875 INFO::Fitting model to feature number 76, PWY_5173_SP_of_acetyl_CoA_biosyn
2024-07-22 08:03:02.009519 INFO::Fitting model to feature number 77, PWY_5177_glutaryl_CoA_deg
2024-07-22 08:03:02.732013 INFO::Fitting model to feature number 78, PWY_5188_tetrapyrrole_biosyn_I
2024-07-22 08:03:03.791907 INFO::Fitting model to feature number 79, PWY_5347_SP_of_L_methionine_biosyn
2024-07-22 08:03:03.974433 INFO::Fitting model to feature number 80, PWY_5484_glycolysis_II
2024-07-22 08:03:05.146888 INFO::Fitting model to feature number 81, PWY_5659_GDP_mannose_biosyn
2024-07-22 08:03:06.250672 INFO::Fitting model to feature number 82, PWY_5667_CDP_diacylglycerol_biosyn_I
2024-07-22 08:03:07.143174 INFO::Fitting model to feature number 83, PWY_5676_acetyl_CoA_fermentation_to_butanoate_II
2024-07-22 08:03:07.622605 INFO::Fitting model to feature number 84, PWY_5686_UMP_biosyn
2024-07-22 08:03:09.331042 INFO::Fitting model to feature number 85, PWY_5690_TCA_cyc_II
2024-07-22 08:03:09.905865 INFO::Fitting model to feature number 86, PWY_5695_urate_biosyn_inosine_5_phosphate_deg
2024-07-22 08:03:11.49671 INFO::Fitting model to feature number 87, PWY_5723_Rubisco_shunt
2024-07-22 08:03:11.741623 INFO::Fitting model to feature number 88, PWY_5913_TCA_cyc_VI
2024-07-22 08:03:12.468255 INFO::Fitting model to feature number 89, PWY_5971_palmitate_biosyn_II
2024-07-22 08:03:12.789009 INFO::Fitting model to feature number 90, PWY_5973_cis_vaccenate_biosyn
2024-07-22 08:03:15.87446 INFO::Fitting model to feature number 91, PWY_5989_stearate_biosyn_II
2024-07-22 08:03:16.674485 INFO::Fitting model to feature number 92, PWY_6121_5_aminoimidazole_rnt_biosyn_I
2024-07-22 08:03:17.57468 INFO::Fitting model to feature number 93, PWY_6122_5_aminoimidazole_rnt_biosyn_II
2024-07-22 08:03:19.654953 INFO::Fitting model to feature number 94, PWY_6123_inosine_5_phosphate_biosyn_I
2024-07-22 08:03:20.844673 INFO::Fitting model to feature number 95, PWY_6124_inosine_5_phosphate_biosyn_II
2024-07-22 08:03:20.968375 INFO::Fitting model to feature number 96, PWY_6125_SP_of_guanosine_nt_de_novo_biosyn_II
2024-07-22 08:03:21.849506 INFO::Fitting model to feature number 97, PWY_6126_SP_of_adenosine_nt_de_novo_biosyn_II
2024-07-22 08:03:22.608572 INFO::Fitting model to feature number 98, PWY_6147_6_hydroxymethyl_dihydropterin_diphosphate_biosyn_I
2024-07-22 08:03:23.335056 INFO::Fitting model to feature number 99, PWY_6151_S_adenosyl_L_methionine_cyc_I
2024-07-22 08:03:24.185291 INFO::Fitting model to feature number 100, PWY_6163_chorismate_biosyn_from_3_dehydroquinate
2024-07-22 08:03:24.663623 INFO::Fitting model to feature number 101, PWY_6168_flavin_biosyn_III
2024-07-22 08:03:25.447922 INFO::Fitting model to feature number 102, PWY_621_sucrose_deg_III
2024-07-22 08:03:25.899845 INFO::Fitting model to feature number 103, PWY_6270_isoprene_biosyn_I
2024-07-22 08:03:26.175023 INFO::Fitting model to feature number 104, PWY_6277_SP_of_5_aminoimidazole_rnt_biosyn
2024-07-22 08:03:28.392728 INFO::Fitting model to feature number 105, PWY_6282_palmitoleate_biosyn_I
2024-07-22 08:03:28.801846 INFO::Fitting model to feature number 106, PWY_6317_galactose_deg_I
2024-07-22 08:03:29.59553 INFO::Fitting model to feature number 107, PWY_6353_purine_nt_deg_II
2024-07-22 08:03:29.777141 INFO::Fitting model to feature number 108, PWY_6385_peptidoglycan_biosyn_III
2024-07-22 08:03:31.982568 INFO::Fitting model to feature number 109, PWY_6386_UDP_N_acetylmuramoyl_pentapeptide_biosyn_II
2024-07-22 08:03:44.737341 INFO::Fitting model to feature number 110, PWY_6387_UDP_N_acetylmuramoyl_pentapeptide_biosyn_I
2024-07-22 08:03:45.265302 INFO::Fitting model to feature number 111, PWY_6507_4_deoxy_L_threo_hex_4_enopyranuronate_deg
2024-07-22 08:03:45.990129 INFO::Fitting model to feature number 112, PWY_6527_stachyose_deg
2024-07-22 08:03:46.890995 INFO::Fitting model to feature number 113, PWY_6545_pyrimidine_dnt_de_novo_biosyn_III
2024-07-22 08:03:47.199124 INFO::Fitting model to feature number 114, PWY_6588_pyruvate_fermentation_to_acetone
2024-07-22 08:03:47.515874 INFO::Fitting model to feature number 115, PWY_6608_guanosine_nt_deg_III
2024-07-22 08:03:48.094448 INFO::Fitting model to feature number 116, PWY_6609_adenine__adenosine_salvage_III
2024-07-22 08:03:58.605778 INFO::Fitting model to feature number 117, PWY_6700_queuosine_biosyn
2024-07-22 08:04:07.475238 INFO::Fitting model to feature number 118, PWY_6703_preQ0_biosyn
2024-07-22 08:04:08.796447 INFO::Fitting model to feature number 119, PWY_6737_starch_deg_V
2024-07-22 08:04:26.349301 INFO::Fitting model to feature number 120, PWY_6897_thiamin_salvage_II
2024-07-22 08:04:26.580236 INFO::Fitting model to feature number 121, PWY_6901_SP_of_glucose__xylose_deg
2024-07-22 08:04:26.824622 INFO::Fitting model to feature number 122, PWY_6936_seleno_amino_acid_biosyn
2024-07-22 08:04:27.389836 INFO::Fitting model to feature number 123, PWY_6969_TCA_cyc_V
2024-07-22 08:04:27.623864 INFO::Fitting model to feature number 124, PWY_7111_pyruvate_fermentation_to_isobutanol
2024-07-22 08:04:29.765756 WARNING::Fitting problem for feature 124 returning NA
2024-07-22 08:04:29.768933 INFO::Fitting model to feature number 125, PWY_7184_pyrimidine_dnt_de_novo_biosyn_I
2024-07-22 08:04:30.572877 INFO::Fitting model to feature number 126, PWY_7187_pyrimidine_dnt_de_novo_biosyn_II
2024-07-22 08:04:32.055434 INFO::Fitting model to feature number 127, PWY_7196_SP_of_pyrimidine_rns_salvage
2024-07-22 08:04:32.326526 INFO::Fitting model to feature number 128, PWY_7197_pyrimidine_dnt_phosphorylation
2024-07-22 08:04:33.068617 INFO::Fitting model to feature number 129, PWY_7199_pyrimidine_dns_salvage
2024-07-22 08:04:33.736642 INFO::Fitting model to feature number 130, PWY_7208_SP_of_pyrimidine_nucleobases_salvage
2024-07-22 08:04:37.153867 INFO::Fitting model to feature number 131, PWY_7211_SP_of_pyrimidine_dnt_de_novo_biosyn
2024-07-22 08:04:37.433938 INFO::Fitting model to feature number 132, PWY_7219_adenosine_rnt_de_novo_biosyn
2024-07-22 08:04:37.435055 INFO::Fitting model to feature number 133, PWY_7220_adenosine_dnt_de_novo_biosyn_II
2024-07-22 08:04:38.186901 INFO::Fitting model to feature number 134, PWY_7221_guanosine_rnt_de_novo_biosyn
2024-07-22 08:04:39.868709 INFO::Fitting model to feature number 135, PWY_7222_guanosine_dnt_de_novo_biosyn_II
2024-07-22 08:04:40.656561 INFO::Fitting model to feature number 136, PWY_7228_SP_of_guanosine_nt_de_novo_biosyn_I
2024-07-22 08:04:42.185283 INFO::Fitting model to feature number 137, PWY_7229_SP_of_adenosine_nt_de_novo_biosyn_I
2024-07-22 08:04:42.618451 INFO::Fitting model to feature number 138, PWY_7234_inosine_5_phosphate_biosyn_III
2024-07-22 08:04:43.104563 INFO::Fitting model to feature number 139, PWY_7237_myo__chiro__scillo_inositol_deg
2024-07-22 08:04:43.323745 INFO::Fitting model to feature number 140, PWY_7242_D_fructuronate_deg
2024-07-22 08:04:44.039412 INFO::Fitting model to feature number 141, PWY_724_SP_of_L_lysine_L_threonine__L_methionine_biosyn_II
2024-07-22 08:04:45.376883 INFO::Fitting model to feature number 142, PWY_7279_aerobic_respiration_II
2024-07-22 08:04:45.596221 INFO::Fitting model to feature number 143, PWY_7282_4_amino_2_methyl_5_phosphomethylpyrimidine_biosyn
2024-07-22 08:04:46.123226 INFO::Fitting model to feature number 144, PWY_7323_SP_of_GDP_mannose_derived_O_antigen_building_blocks_biosyn
2024-07-22 08:04:46.734455 INFO::Fitting model to feature number 145, PWY_7345_SP_of_anaerobic_sucrose_deg
2024-07-22 08:04:47.679212 INFO::Fitting model to feature number 146, PWY_7357_thiamin_formation_from_pyrithiamine__oxythiamine
2024-07-22 08:04:47.924379 INFO::Fitting model to feature number 147, PWY_7383_anaerobic_energy_metabolism
2024-07-22 08:04:48.180317 INFO::Fitting model to feature number 148, PWY_7388_octanoyl_acyl_carrier_protein_biosyn
2024-07-22 08:04:48.445071 INFO::Fitting model to feature number 149, PWY_7400_L_arginine_biosyn_IV
2024-07-22 08:04:48.64378 INFO::Fitting model to feature number 150, PWY_7456_mannan_deg
2024-07-22 08:04:49.060514 INFO::Fitting model to feature number 151, PWY_7539_6_hydroxymethyl_dihydropterin_diphosphate_biosyn_III
2024-07-22 08:04:49.670512 INFO::Fitting model to feature number 152, PWY_7560_methylerythritol_phosphate_pwy_II
2024-07-22 08:04:49.95144 INFO::Fitting model to feature number 153, PWY_7663_gondoate_biosyn
2024-07-22 08:04:58.312093 WARNING::Fitting problem for feature 153 a warning was issued
2024-07-22 08:04:58.31409 WARNING::Fitting problem for feature 153 a warning was issued
2024-07-22 08:04:58.319945 INFO::Fitting model to feature number 154, PWY_7664_oleate_biosyn_IV
2024-07-22 08:04:58.694394 INFO::Fitting model to feature number 155, PWY_841_SP_of_purine_nt_de_novo_biosyn_I
2024-07-22 08:04:59.003278 INFO::Fitting model to feature number 156, PWY0_1261_anhydromuropeptides_recycling
2024-07-22 08:04:59.293492 INFO::Fitting model to feature number 157, PWY0_1296_purine_rns_deg
2024-07-22 08:05:01.746325 INFO::Fitting model to feature number 158, PWY0_1297_SP_of_purine_dns_deg
2024-07-22 08:05:02.095769 INFO::Fitting model to feature number 159, PWY0_1298_SP_of_pyrimidine_dns_deg
2024-07-22 08:05:02.372714 INFO::Fitting model to feature number 160, PWY0_1319_CDP_diacylglycerol_biosyn_II
2024-07-22 08:05:03.214191 INFO::Fitting model to feature number 161, PWY0_1479_tRNA_processing
2024-07-22 08:05:03.827433 INFO::Fitting model to feature number 162, PWY0_1586_peptidoglycan_maturation
2024-07-22 08:05:04.699479 INFO::Fitting model to feature number 163, PWY0_162_SP_of_pyrimidine_rnt_de_novo_biosyn
2024-07-22 08:05:05.253459 INFO::Fitting model to feature number 164, PWY0_166_SP_of_pyrimidine_dnt_de_novo_biosyn
2024-07-22 08:05:05.661672 INFO::Fitting model to feature number 165, PWY0_845_SP_of_pyridoxal_5_phosphate_biosyn__salvage
2024-07-22 08:05:06.583948 INFO::Fitting model to feature number 166, PWY0_862_dodec_5_enoate_biosyn
2024-07-22 08:05:06.901432 INFO::Fitting model to feature number 167, PWY4FS_7_phosphatidylglycerol_biosyn_I
2024-07-22 08:05:07.217007 INFO::Fitting model to feature number 168, PWY4FS_8_phosphatidylglycerol_biosyn_II
2024-07-22 08:05:07.54295 INFO::Fitting model to feature number 169, PWY66_399_gluconeogenesis_III
2024-07-22 08:05:08.235551 INFO::Fitting model to feature number 170, PWY66_400_glycolysis_VI
2024-07-22 08:05:09.394745 INFO::Fitting model to feature number 171, PWY66_409_SP_of_purine_nt_salvage
2024-07-22 08:05:09.945678 INFO::Fitting model to feature number 172, PWY66_422_D_galactose_deg_V
2024-07-22 08:05:11.002921 INFO::Fitting model to feature number 173, PWYG_321_mycolate_biosyn
2024-07-22 08:05:11.516184 INFO::Fitting model to feature number 174, PYRIDNUCSYN_PWY_NAD_biosyn_I
2024-07-22 08:05:12.030545 INFO::Fitting model to feature number 175, PYRIDOXSYN_PWY_pyridoxal_5_phosphate_biosyn_I
2024-07-22 08:05:12.575619 INFO::Fitting model to feature number 176, RHAMCAT_PWY_L_rhamnose_deg_I
2024-07-22 08:05:13.041764 INFO::Fitting model to feature number 177, RIBOSYN2_PWY_flavin_biosyn_I
2024-07-22 08:05:13.269547 INFO::Fitting model to feature number 178, SALVADEHYPOX_PWY_adenosine_nt_deg_II
2024-07-22 08:05:13.551693 INFO::Fitting model to feature number 179, SER_GLYSYN_PWY_SP_of_L_serine__glycine_biosyn_I
2024-07-22 08:05:14.55103 INFO::Fitting model to feature number 180, TCA_GLYOX_BYPASS_SP_of_glyoxylate_bypass__TCA
2024-07-22 08:05:15.396166 INFO::Fitting model to feature number 181, TCA_TCA_cyc_I
2024-07-22 08:05:15.631403 INFO::Fitting model to feature number 182, THISYNARA_PWY_SP_of_thiamin_diphosphate_biosyn_III
2024-07-22 08:05:16.027638 INFO::Fitting model to feature number 183, THRESYN_PWY_SP_of_L_threonine_biosyn
2024-07-22 08:05:17.859722 INFO::Fitting model to feature number 184, TRNA_CHARGING_PWY_tRNA_charging
2024-07-22 08:05:18.820678 INFO::Fitting model to feature number 185, UDPNAGSYN_PWY_UDP_N_acetyl_D_glucosamine_biosyn_I
2024-07-22 08:05:19.049644 INFO::Fitting model to feature number 186, VALSYN_PWY_L_valine_biosyn
2024-07-22 08:05:19.730543 INFO::Counting total values for each feature
2024-07-22 08:05:19.778191 INFO::Writing residuals to file demo_output_rna/fits/residuals_LM.rds
2024-07-22 08:05:19.81882 INFO::Writing fitted values to file demo_output_rna/fits/fitted_LM.rds
2024-07-22 08:05:19.839416 INFO::Writing extracted random effects to file demo_output_rna/fits/ranef_LM.rds
2024-07-22 08:05:19.84429 INFO::Writing residuals to file demo_output_rna/fits/residuals_logistic.rds
2024-07-22 08:05:19.897032 INFO::Writing fitted values to file demo_output_rna/fits/fitted_logistic.rds
2024-07-22 08:05:19.968611 INFO::Writing extracted random effects to file demo_output_rna/fits/ranef_logistic.rds
2024-07-22 08:05:19.979393 INFO::Writing all the results to file (ordered by increasing joint q-values): demo_output_rna/all_results.tsv
2024-07-22 08:05:19.992738 INFO::Writing the significant results without errors (those which are less than or equal to the threshold of 0.100000 ) to file (ordered by increasing joint q-values): demo_output_rna/significant_results.tsv
2024-07-22 08:05:19.995173 INFO::Creating output figures folder
2024-07-22 08:05:19.99634 INFO::Writing summary plot of significant results to file: demo_output_rna/figures/summary_plot.pdf
2024-07-22 08:05:21.557013 INFO::Writing association plots (one for each significant association) to output folder: demo_output_rna/figures
2024-07-22 08:05:21.558858 INFO::Plotting associations from most to least significant, grouped by metadata
2024-07-22 08:05:21.562329 INFO::Creating box plot for categorical data (linear), dysbiosis_state vs NONMEVIPP_PWY_methylerythritol_phosphate_pwy_I
2024-07-22 08:05:21.573992 INFO::Creating box plot for categorical data (linear), dysbiosis_state vs PWY_5173_SP_of_acetyl_CoA_biosyn
2024-07-22 08:05:21.582645 INFO::Creating box plot for categorical data (linear), dysbiosis_state vs PWY_5083_NAD_NADH_phosphorylation__dephosphorylation
2024-07-22 08:05:21.591525 INFO::Creating tile plot for categorical data (logistic), dysbiosis_state vs PWY_5101_L_isoleucine_biosyn_II
2024-07-22 08:05:21.605107 INFO::Creating box plot for categorical data (linear), dysbiosis_state vs PWY_4041_beta_glutamyl_cyc
2024-07-22 08:05:21.61356 INFO::Creating box plot for categorical data (linear), dysbiosis_state vs ASPASN_PWY_SP_of_L_aspartate__L_asparagine_biosyn
2024-07-22 08:05:21.621279 INFO::Creating box plot for categorical data (linear), dysbiosis_state vs PWY_1042_glycolysis_IV
2024-07-22 08:05:21.629314 INFO::Creating box plot for categorical data (linear), dysbiosis_state vs PWY_5973_cis_vaccenate_biosyn
2024-07-22 08:05:21.637398 INFO::Creating box plot for categorical data (linear), dysbiosis_state vs PWY_5097_L_lysine_biosyn_VI
2024-07-22 08:05:21.675811 INFO::Creating box plot for categorical data (linear), dysbiosis_state vs UDPNAGSYN_PWY_UDP_N_acetyl_D_glucosamine_biosyn_I
2024-07-22 08:05:21.684237 INFO::Creating box plot for categorical data (linear), dysbiosis_state vs PWY_5667_CDP_diacylglycerol_biosyn_I
2024-07-22 08:05:21.692136 INFO::Creating box plot for categorical data (linear), dysbiosis_state vs PWY0_1319_CDP_diacylglycerol_biosyn_II
2024-07-22 08:05:21.70021 INFO::Creating box plot for categorical data (linear), dysbiosis_state vs P461_PWY_hexitol_fermentation_to_lactate_formate_ethanol__acetate
2024-07-22 08:05:21.707945 INFO::Creating box plot for categorical data (linear), dysbiosis_state vs PWY0_1261_anhydromuropeptides_recycling
2024-07-22 08:05:21.715497 INFO::Creating box plot for categorical data (linear), dysbiosis_state vs PWY0_162_SP_of_pyrimidine_rnt_de_novo_biosyn
2024-07-22 08:05:21.722948 INFO::Creating box plot for categorical data (linear), dysbiosis_state vs PWY_5177_glutaryl_CoA_deg
2024-07-22 08:05:21.730329 INFO::Creating box plot for categorical data (linear), dysbiosis_state vs X1CMET2_PWY_N10_formyl_tetrahydrofolate_biosyn
2024-07-22 08:05:21.737941 INFO::Creating tile plot for categorical data (logistic), dysbiosis_state vs PWY_7383_anaerobic_energy_metabolism
2024-07-22 08:05:21.74941 INFO::Creating tile plot for categorical data (logistic), dysbiosis_state vs PWY66_399_gluconeogenesis_III
2024-07-22 08:05:21.76036 INFO::Creating box plot for categorical data (linear), dysbiosis_state vs PWY_7208_SP_of_pyrimidine_nucleobases_salvage
2024-07-22 08:05:21.76782 INFO::Creating box plot for categorical data (linear), dysbiosis_state vs PWY_6386_UDP_N_acetylmuramoyl_pentapeptide_biosyn_II
2024-07-22 08:05:21.780361 INFO::Creating box plot for categorical data (linear), dysbiosis_state vs PWY_5686_UMP_biosyn
2024-07-22 08:05:21.787866 INFO::Creating box plot for categorical data (linear), antibiotics vs PWY_7228_SP_of_guanosine_nt_de_novo_biosyn_I
2024-07-22 08:05:21.795077 INFO::Creating box plot for categorical data (linear), antibiotics vs PWY_7221_guanosine_rnt_de_novo_biosyn
2024-07-22 08:05:21.802362 INFO::Creating box plot for categorical data (linear), dysbiosis_state vs PWY_2942_L_lysine_biosyn_III
2024-07-22 08:05:21.8098 INFO::Creating tile plot for categorical data (logistic), dysbiosis_state vs PWY_5177_glutaryl_CoA_deg
2024-07-22 08:05:21.821201 INFO::Creating tile plot for categorical data (logistic), dysbiosis_state vs ARGININE_SYN4_PWY_L_ornithine_de_novo_biosyn
2024-07-22 08:05:21.832458 INFO::Creating tile plot for categorical data (logistic), dysbiosis_state vs GLUCOSE1PMETAB_PWY_glucose__glucose_1_phosphate_deg
2024-07-22 08:05:21.843562 INFO::Creating tile plot for categorical data (logistic), dysbiosis_state vs CITRULBIO_PWY_L_citrulline_biosyn
2024-07-22 08:05:21.854584 INFO::Creating tile plot for categorical data (logistic), dysbiosis_state vs PWY_5723_Rubisco_shunt
