2024-07-21 13:27:54.871154 INFO::Writing function arguments to log file
2024-07-21 13:27:54.871491 DEBUG::Function arguments
2024-07-21 13:27:54.871646 DEBUG::Output folder: hmp2_output
2024-07-21 13:27:54.871795 DEBUG::Min Abundance: 0.000000
2024-07-21 13:27:54.871931 DEBUG::Zero Threshold: 0.000000
2024-07-21 13:27:54.872069 DEBUG::Min Prevalence: 0.000000
2024-07-21 13:27:54.872203 DEBUG::Normalization: TSS
2024-07-21 13:27:54.872329 DEBUG::Transform: LOG
2024-07-21 13:27:54.872458 DEBUG::Max significance: 0.100000
2024-07-21 13:27:54.87259 DEBUG::Random effects:
2024-07-21 13:27:54.872705 DEBUG::Fixed effects:
2024-07-21 13:27:54.87283 DEBUG::Group effects:
2024-07-21 13:27:54.872951 DEBUG::Ordered effects:
2024-07-21 13:27:54.873071 DEBUG::Formula: ~ diagnosis + dysbiosis_state + antibiotics + age + reads
2024-07-21 13:27:54.87319 DEBUG::Correction method: BH
2024-07-21 13:27:54.873312 DEBUG::Standardize: TRUE
2024-07-21 13:27:54.87343 DEBUG::Augment: TRUE
2024-07-21 13:27:54.873548 DEBUG::Cores: 1
2024-07-21 13:27:54.873668 DEBUG::Abundance median comparison: TRUE
2024-07-21 13:27:54.873793 DEBUG::Prevalence median comparison: FALSE
2024-07-21 13:27:54.87391 DEBUG::Abundance median comparison threshold: 0.25
2024-07-21 13:27:54.87403 DEBUG::Prevalence median comparison threshold: 0.25
2024-07-21 13:27:54.874186 INFO::Verifying options selected are valid
2024-07-21 13:27:54.874512 INFO::Determining format of input files
2024-07-21 13:27:54.874796 INFO::Input format is data samples as rows and metadata samples as rows
2024-07-21 13:27:54.87548 DEBUG::A total of 1527 samples were found in both the data and metadata
2024-07-21 13:27:54.875725 DEBUG::Reordering data/metadata to use same sample ordering
2024-07-21 13:27:54.87727 INFO::Filter data based on min abundance and min prevalence
2024-07-21 13:27:54.877502 INFO::Total samples in data: 1527
2024-07-21 13:27:54.877706 INFO::Min samples required with min abundance for a feature not to be filtered: 0.000000
2024-07-21 13:27:54.926841 INFO::Total filtered features: 0
2024-07-21 13:27:54.927321 INFO::Filtered feature names from abundance and prevalence filtering:
2024-07-21 13:27:54.932055 INFO::Total filtered features with variance filtering: 0
2024-07-21 13:27:54.932427 INFO::Filtered feature names from variance filtering:
2024-07-21 13:27:54.932725 INFO::Writing filtered data to file hmp2_output/features/filtered_data.tsv
2024-07-21 13:27:55.011052 INFO::Applying z-score to standardize continuous metadata
2024-07-21 13:27:55.022448 INFO::Writing summary plot of significant results to file: hmp2_output/figures/summary_plot.pdf
2024-07-21 13:27:56.176866 INFO::Writing association plots (one for each significant association) to output folder: hmp2_output/figures
2024-07-21 13:27:56.177566 INFO::Plotting associations from most to least significant, grouped by metadata
2024-07-21 13:27:56.180036 INFO::Creating box plot for categorical data (linear), Dysbiosis vs Escherichia coli
2024-07-21 13:27:56.187964 INFO::Creating box plot for categorical data (linear), Dysbiosis vs Veillonella parvula
2024-07-21 13:27:56.201006 INFO::Creating boxplot for continuous data (logistic), Read depth vs Phocaeicola sartorii
2024-07-21 13:27:56.210082 INFO::Creating tile plot for categorical data (logistic), Dysbiosis vs Faecalibacterium prausnitzii
2024-07-21 13:27:56.221682 INFO::Creating tile plot for categorical data (logistic), Dysbiosis vs Bacteroides uniformis
2024-07-21 13:27:56.232722 INFO::Creating boxplot for continuous data (logistic), Age vs Bifidobacterium longum
2024-07-21 13:27:56.241763 INFO::Creating tile plot for categorical data (logistic), Diagnosis vs Clostridium sp. AM49 4BH
2024-07-21 13:27:56.253263 INFO::Creating boxplot for continuous data (logistic), Read depth vs Phocaeicola dorei
2024-07-21 13:27:56.261872 INFO::Creating boxplot for continuous data (logistic), Age vs GGB16040 SGB9347
2024-07-21 13:27:56.270761 INFO::Creating tile plot for categorical data (logistic), Diagnosis vs Firmicutes bacterium AF16 15
2024-07-21 13:27:56.282434 INFO::Creating tile plot for categorical data (logistic), Dysbiosis vs Eubacterium rectale
2024-07-21 13:27:56.298434 INFO::Creating boxplot for continuous data (logistic), Age vs Phascolarctobacterium faecium
2024-07-21 13:27:56.30759 INFO::Creating tile plot for categorical data (logistic), Dysbiosis vs Dysosmobacter welbionis
2024-07-21 13:27:56.319337 INFO::Creating tile plot for categorical data (logistic), Dysbiosis vs Blautia faecis
2024-07-21 13:27:56.331114 INFO::Creating tile plot for categorical data (logistic), Dysbiosis vs Fusicatenibacter saccharivorans
2024-07-21 13:27:56.34217 INFO::Creating boxplot for continuous data (logistic), Age vs Prevotella sp. 885
2024-07-21 13:27:56.351137 INFO::Creating tile plot for categorical data (logistic), Diagnosis vs Lachnospira sp. NSJ 43
2024-07-21 13:27:56.362519 INFO::Creating tile plot for categorical data (logistic), Dysbiosis vs Bacteroides ovatus
2024-07-21 13:27:56.37357 INFO::Creating boxplot for continuous data (logistic), Read depth vs Bacteroides faecis
2024-07-21 13:27:56.382515 INFO::Creating tile plot for categorical data (logistic), Dysbiosis vs Phocaeicola vulgatus
2024-07-21 13:27:56.398357 INFO::Creating boxplot for continuous data (logistic), Read depth vs Dysosmobacter welbionis
2024-07-21 13:27:56.407349 INFO::Creating tile plot for categorical data (logistic), Diagnosis vs Roseburia sp. AF02 12
2024-07-21 13:27:56.418957 INFO::Creating tile plot for categorical data (logistic), Dysbiosis vs Clostridiales bacterium
2024-07-21 13:27:56.430276 INFO::Creating tile plot for categorical data (logistic), Diagnosis vs Alistipes putredinis
2024-07-21 13:27:56.44152 INFO::Creating tile plot for categorical data (logistic), Dysbiosis vs Bacteroides xylanisolvens
2024-07-21 13:27:56.452855 INFO::Creating tile plot for categorical data (logistic), Dysbiosis vs Parabacteroides distasonis
2024-07-21 13:27:56.464155 INFO::Creating tile plot for categorical data (logistic), Diagnosis vs Clostridium sp. AT4
2024-07-21 13:27:56.475726 INFO::Creating tile plot for categorical data (logistic), Diagnosis vs Gemmiger formicilis
2024-07-21 13:27:56.491317 INFO::Creating boxplot for continuous data (logistic), Age vs Coprococcus eutactus
2024-07-21 13:27:56.500031 INFO::Creating boxplot for continuous data (logistic), Age vs Alistipes SGB2313
2024-07-21 13:27:56.508883 INFO::Creating tile plot for categorical data (logistic), Diagnosis vs Vescimonas coprocola
2024-07-21 13:27:56.520334 INFO::Creating tile plot for categorical data (logistic), Dysbiosis vs Clostridium fessum
2024-07-21 13:27:56.531873 INFO::Creating tile plot for categorical data (logistic), Dysbiosis vs Bacteroides thetaiotaomicron
2024-07-21 13:27:56.54351 INFO::Creating boxplot for continuous data (logistic), Age vs Lacrimispora amygdalina
2024-07-21 13:27:56.552944 INFO::Creating tile plot for categorical data (logistic), Dysbiosis vs Alistipes putredinis
2024-07-21 13:27:56.564758 INFO::Creating tile plot for categorical data (logistic), Dysbiosis vs Anaerostipes hadrus
2024-07-21 13:27:56.576001 INFO::Creating boxplot for continuous data (logistic), Age vs Bacteroides intestinalis
2024-07-21 13:27:56.589301 INFO::Creating boxplot for continuous data (logistic), Age vs GGB9342 SGB14306
2024-07-21 13:27:56.598072 INFO::Creating boxplot for continuous data (logistic), Age vs Bacteroides cellulosilyticus
2024-07-21 13:27:56.60697 INFO::Creating tile plot for categorical data (logistic), Dysbiosis vs Candidatus Cibionibacter quicibialis
2024-07-21 13:27:56.61819 INFO::Creating boxplot for continuous data (logistic), Read depth vs Bacteroides eggerthii
2024-07-21 13:27:56.626886 INFO::Creating boxplot for continuous data (logistic), Age vs Veillonella dispar
2024-07-21 13:27:56.635491 INFO::Creating boxplot for continuous data (logistic), Age vs Haemophilus parainfluenzae
2024-07-21 13:27:56.644355 INFO::Creating tile plot for categorical data (logistic), Dysbiosis vs Bacteroides caccae
2024-07-21 13:27:56.656006 INFO::Creating tile plot for categorical data (logistic), Dysbiosis vs Clostridium sp. AF34 10BH
2024-07-21 13:27:56.667253 INFO::Creating boxplot for continuous data (logistic), Read depth vs Flavonifractor plautii
2024-07-21 13:27:56.675807 INFO::Creating scatter plot for continuous data (linear), Age vs Faecalibacterium prausnitzii
2024-07-21 13:27:56.688582 INFO::Creating tile plot for categorical data (logistic), Diagnosis vs Bifidobacterium adolescentis
2024-07-21 13:27:56.699994 INFO::Creating boxplot for continuous data (logistic), Read depth vs Clostridiales bacterium
2024-07-21 13:27:56.708894 INFO::Creating tile plot for categorical data (logistic), Diagnosis vs GGB9713 SGB15249
2024-07-21 13:27:56.720117 INFO::Creating box plot for categorical data (linear), Dysbiosis vs Enterocloster bolteae
2024-07-21 13:27:56.727543 INFO::Creating tile plot for categorical data (logistic), Diagnosis vs Clostridium symbiosum
2024-07-21 13:27:56.738982 INFO::Creating tile plot for categorical data (logistic), Dysbiosis vs Alistipes onderdonkii
2024-07-21 13:27:56.750329 INFO::Creating tile plot for categorical data (logistic), Dysbiosis vs Odoribacter splanchnicus
2024-07-21 13:27:56.761609 INFO::Creating box plot for categorical data (linear), Dysbiosis vs Ruminococcus gnavus
2024-07-21 13:27:56.77352 INFO::Creating boxplot for continuous data (logistic), Age vs Veillonella parvula
2024-07-21 13:27:56.782884 INFO::Creating boxplot for continuous data (logistic), Age vs Lachnospira sp. NSJ 43
2024-07-21 13:27:56.7947 INFO::Creating box plot for categorical data (linear), Diagnosis vs Bacteroides xylanisolvens
2024-07-21 13:27:56.802323 INFO::Creating box plot for categorical data (linear), Diagnosis vs Clostridium sp. AF20 17LB
2024-07-21 13:27:56.809702 INFO::Creating box plot for categorical data (linear), Diagnosis vs Dysosmobacter welbionis
2024-07-21 13:27:56.817311 INFO::Creating tile plot for categorical data (logistic), Diagnosis vs Odoribacter splanchnicus
2024-07-21 13:27:56.828725 INFO::Creating boxplot for continuous data (logistic), Read depth vs Blautia wexlerae
2024-07-21 13:27:56.837454 INFO::Creating boxplot for continuous data (logistic), Read depth vs Blautia faecis
2024-07-21 13:27:56.846604 INFO::Creating tile plot for categorical data (logistic), Dysbiosis vs Coprococcus comes
2024-07-21 13:27:56.858195 INFO::Creating boxplot for continuous data (logistic), Age vs Dialister invisus
2024-07-21 13:27:56.872104 INFO::Creating tile plot for categorical data (logistic), Dysbiosis vs Bilophila wadsworthia
2024-07-21 13:27:56.883859 INFO::Creating tile plot for categorical data (logistic), Dysbiosis vs Faecalibacterium SGB15346
2024-07-21 13:27:56.895284 INFO::Creating tile plot for categorical data (logistic), Diagnosis vs Alistipes shahii
2024-07-21 13:27:56.906756 INFO::Creating tile plot for categorical data (logistic), Diagnosis vs Bacteroides eggerthii
2024-07-21 13:27:56.91787 INFO::Creating boxplot for continuous data (logistic), Age vs Clostridium symbiosum
2024-07-21 13:27:56.926927 INFO::Creating tile plot for categorical data (logistic), Diagnosis vs Alistipes onderdonkii
2024-07-21 13:27:56.938489 INFO::Creating tile plot for categorical data (logistic), Dysbiosis vs Blautia wexlerae
2024-07-21 13:27:56.94979 INFO::Creating boxplot for continuous data (logistic), Age vs Alistipes communis
2024-07-21 13:27:56.963502 INFO::Creating tile plot for categorical data (logistic), Diagnosis vs Ruminococcus lactaris
2024-07-21 13:27:56.975236 INFO::Creating tile plot for categorical data (logistic), Dysbiosis vs Parabacteroides merdae
2024-07-21 13:27:56.986346 INFO::Creating boxplot for continuous data (logistic), Age vs GGB9713 SGB15249
2024-07-21 13:27:56.995161 INFO::Creating tile plot for categorical data (logistic), Abx vs Eubacterium rectale
2024-07-21 13:27:57.006365 INFO::Creating boxplot for continuous data (logistic), Read depth vs Blautia obeum
2024-07-21 13:27:57.01521 INFO::Creating box plot for categorical data (linear), Dysbiosis vs Bacteroides uniformis
2024-07-21 13:27:57.022717 INFO::Creating tile plot for categorical data (logistic), Dysbiosis vs Clostridiaceae bacterium
2024-07-21 13:27:57.034108 INFO::Creating boxplot for continuous data (logistic), Age vs Akkermansia muciniphila
2024-07-21 13:27:57.042912 INFO::Creating boxplot for continuous data (logistic), Read depth vs Ruthenibacterium lactatiformans
2024-07-21 13:27:57.056313 INFO::Creating tile plot for categorical data (logistic), Diagnosis vs Clostridium sp. 1001270H 150608 G6
2024-07-21 13:27:57.067722 INFO::Creating box plot for categorical data (linear), Dysbiosis vs Sutterella wadsworthensis
2024-07-21 13:27:57.075375 INFO::Creating tile plot for categorical data (logistic), Dysbiosis vs Firmicutes bacterium AF16 15
2024-07-21 13:27:57.086842 INFO::Creating tile plot for categorical data (logistic), Dysbiosis vs Klebsiella pneumoniae
2024-07-21 13:27:57.098263 INFO::Creating tile plot for categorical data (logistic), Dysbiosis vs Bacteroides stercoris
2024-07-21 13:27:57.109419 INFO::Creating boxplot for continuous data (logistic), Read depth vs Clostridiaceae bacterium
2024-07-21 13:27:57.118178 INFO::Creating boxplot for continuous data (logistic), Read depth vs Clostridium sp. AF34 10BH
2024-07-21 13:27:57.126882 INFO::Creating boxplot for continuous data (logistic), Age vs Oscillibacter sp. ER4
2024-07-21 13:27:57.140453 INFO::Creating tile plot for categorical data (logistic), Dysbiosis vs Dorea longicatena
2024-07-21 13:27:57.152557 INFO::Creating tile plot for categorical data (logistic), Dysbiosis vs Escherichia coli
2024-07-21 13:27:57.164111 INFO::Creating tile plot for categorical data (logistic), Diagnosis vs Ruminococcus bicirculans
2024-07-21 13:27:57.175469 INFO::Creating tile plot for categorical data (logistic), Diagnosis vs Enterocloster bolteae
2024-07-21 13:27:57.186959 INFO::Creating tile plot for categorical data (logistic), Abx vs Anaerostipes hadrus
2024-07-21 13:27:57.1988 INFO::Creating boxplot for continuous data (logistic), Age vs Firmicutes bacterium AF16 15
2024-07-21 13:27:57.208635 INFO::Creating tile plot for categorical data (logistic), Diagnosis vs Roseburia hominis
2024-07-21 13:27:57.220679 INFO::Creating boxplot for continuous data (logistic), Age vs Flavonifractor plautii
2024-07-21 13:27:57.234261 INFO::Creating tile plot for categorical data (logistic), Dysbiosis vs Alistipes finegoldii
2024-07-21 13:27:57.245778 INFO::Creating box plot for categorical data (linear), Diagnosis vs Lacrimispora celerecrescens
